warning: version requirement `1.0.6+spec-1.1.0` for dependency `toml` includes semver metadata which will be ignored, removing the metadata is recommended to avoid confusion
warning: unused import: `Line`
  --> src\ui\tui.rs:16:12
   |
16 |     text::{Line, Span},
   |            ^^^^
   |
   = note: `#[warn(unused_imports)]` (part of `#[warn(unused)]`) on by default

warning: use of deprecated method `ratatui::widgets::Table::<'a>::highlight_style`: use `Table::row_highlight_style` instead
   --> src\ui\tui.rs:218:14
    |
218 |             .highlight_style(Style::default().add_modifier(Modifier::REVERSED))
    |              ^^^^^^^^^^^^^^^
    |
    = note: `#[warn(deprecated)]` on by default

warning: use of deprecated method `ratatui::Frame::<'_>::set_cursor`: the method set_cursor_position indicates more clearly what about the cursor to set
   --> src\ui\tui.rs:242:19
    |
242 |                 f.set_cursor(
    |                   ^^^^^^^^^^

warning: unused variable: `selected_id`
   --> src\ui\tui.rs:154:17
    |
154 |             let selected_id = if let Some(idx) = app.table_state.selected() {
    |                 ^^^^^^^^^^^ help: if this is intentional, prefix it with an underscore: `_selected_id`
    |
    = note: `#[warn(unused_variables)]` (part of `#[warn(unused)]`) on by default

warning: `warp` (bin "warp") generated 4 warnings (run `cargo fix --bin "warp" -p warp` to apply 2 suggestions)
    Finished `dev` profile [unoptimized + debuginfo] target(s) in 0.94s
